[25Dec2024 00:14:56.883] [Server thread/INFO] [net.minecraft.server.network.ServerGamePacketListenerImpl/]: Vata74 lost connection: Disconnected
[25Dec2024 00:14:56.887] [Server thread/INFO] [net.minecraft.server.MinecraftServer/]: Vata74 left the game
[25Dec2024 00:14:56.887] [Server thread/INFO] [xaero.pac.OpenPartiesAndClaims/]: Updating all forceload tickets for aa13d00e-5bda-37e1-a49d-1216688ffe68
[25Dec2024 00:15:14.529] [Server thread/INFO] [net.minecraft.server.MinecraftServer/]: Stopping the server
[25Dec2024 00:15:14.580] [Server thread/INFO] [net.minecraft.server.MinecraftServer/]: Stopping server
[25Dec2024 00:15:14.581] [Server thread/INFO] [net.minecraft.server.MinecraftServer/]: Saving players
[25Dec2024 00:15:14.581] [Server thread/INFO] [net.minecraft.server.MinecraftServer/]: Saving worlds
[25Dec2024 00:15:14.620] [Server thread/INFO] [net.minecraft.server.MinecraftServer/]: Saving chunks for level 'ServerLevel[world]'/minecraft:overworld
[25Dec2024 00:15:14.710] [Server thread/INFO] [net.minecraft.server.MinecraftServer/]: Saving chunks for level 'ServerLevel[world]'/deeperdarker:otherside
[25Dec2024 00:15:14.712] [Server thread/INFO] [net.minecraft.server.MinecraftServer/]: Saving chunks for level 'ServerLevel[world]'/aether:the_aether
[25Dec2024 00:15:14.714] [Server thread/INFO] [net.minecraft.server.MinecraftServer/]: Saving chunks for level 'ServerLevel[world]'/twilightforest:twilight_forest
[25Dec2024 00:15:14.719] [Server thread/INFO] [net.minecraft.server.MinecraftServer/]: Saving chunks for level 'ServerLevel[world]'/minecraft:the_nether
[25Dec2024 00:15:14.722] [Server thread/INFO] [net.minecraft.server.MinecraftServer/]: Saving chunks for level 'ServerLevel[world]'/l2library:maze
[25Dec2024 00:15:14.723] [Server thread/INFO] [net.minecraft.server.MinecraftServer/]: Saving chunks for level 'ServerLevel[world]'/blue_skies:everdawn
[25Dec2024 00:15:14.724] [Server thread/INFO] [net.minecraft.server.MinecraftServer/]: Saving chunks for level 'ServerLevel[world]'/blue_skies:everbright
[25Dec2024 00:15:14.724] [Server thread/INFO] [net.minecraft.server.MinecraftServer/]: Saving chunks for level 'ServerLevel[world]'/minecraft:the_end
[25Dec2024 00:15:14.977] [Server thread/INFO] [net.minecraft.server.MinecraftServer/]: ThreadedAnvilChunkStorage (world): All chunks are saved
[25Dec2024 00:15:14.977] [Server thread/INFO] [net.minecraft.server.MinecraftServer/]: ThreadedAnvilChunkStorage (otherside): All chunks are saved
[25Dec2024 00:15:14.977] [Server thread/INFO] [net.minecraft.server.MinecraftServer/]: ThreadedAnvilChunkStorage (the_aether): All chunks are saved
[25Dec2024 00:15:14.977] [Server thread/INFO] [net.minecraft.server.MinecraftServer/]: ThreadedAnvilChunkStorage (twilight_forest): All chunks are saved
[25Dec2024 00:15:14.977] [Server thread/INFO] [net.minecraft.server.MinecraftServer/]: ThreadedAnvilChunkStorage (DIM-1): All chunks are saved
[25Dec2024 00:15:14.978] [Server thread/INFO] [net.minecraft.server.MinecraftServer/]: ThreadedAnvilChunkStorage (maze): All chunks are saved
[25Dec2024 00:15:14.978] [Server thread/INFO] [net.minecraft.server.MinecraftServer/]: ThreadedAnvilChunkStorage (everdawn): All chunks are saved
[25Dec2024 00:15:14.978] [Server thread/INFO] [net.minecraft.server.MinecraftServer/]: ThreadedAnvilChunkStorage (everbright): All chunks are saved
[25Dec2024 00:15:14.978] [Server thread/INFO] [net.minecraft.server.MinecraftServer/]: ThreadedAnvilChunkStorage (DIM1): All chunks are saved
[25Dec2024 00:15:14.978] [Server thread/INFO] [net.minecraft.server.MinecraftServer/]: ThreadedAnvilChunkStorage: All dimensions are saved
[25Dec2024 00:15:15.027] [Server thread/INFO] [xaero.pac.OpenPartiesAndClaims/]: Stopping IO worker...
[25Dec2024 00:15:15.035] [Server thread/INFO] [xaero.pac.OpenPartiesAndClaims/]: Stopped IO worker!
